<?xml version="1.0" encoding="UTF-8"?>
<!-- Generated by org.testng.reporters.JUnitXMLReporter -->
<testsuite hostname="RSI1519" ignored="0" name="Default test" tests="3" failures="0" timestamp="2020-01-31T10:02:27 BRT" time="23.564" errors="0">
  <testcase name="deveAbrirUmProdutoPelaCategoria" time="4.505" classname="test.AdvantageTest"/>
  <testcase name="deveBuscarUmProdutoExistente" time="2.954" classname="test.AdvantageTest"/>
  <testcase name="deveBuscarUmProdutoInexistente" time="2.632" classname="test.AdvantageTest"/>
</testsuite> <!-- Default test -->
