<?xml version="1.0" encoding="UTF-8"?>
<!-- Generated by org.testng.reporters.JUnitXMLReporter -->
<testsuite hostname="RSI1519" ignored="0" name="Default test" tests="2" failures="0" timestamp="2020-02-07T13:48:32 BRT" time="123.891" errors="0">
  <testcase name="deveCadastrarUmUsuario" time="51.659" classname="br.com.rsinet.HUB_TDD.testCase.DeveCadastrarUmUsuarioTest"/>
  <testcase name="naoDeveCadastrarUsuarioJaCadastrado" time="50.665" classname="br.com.rsinet.HUB_TDD.testCase.DeveCadastrarUmUsuarioTest"/>
</testsuite> <!-- Default test -->
