<?xml version="1.0" encoding="UTF-8"?>
<testng-results skipped="0" failed="0" ignored="0" total="6" passed="6">
  <reporter-output>
  </reporter-output>
  <suite name="caseTest" duration-ms="165948" started-at="2020-02-06T18:16:01 BRT" finished-at="2020-02-06T18:18:47 BRT">
    <groups>
    </groups>
    <test name="testngTest" duration-ms="165948" started-at="2020-02-06T18:16:01 BRT" finished-at="2020-02-06T18:18:47 BRT">
      <class name="br.com.rsinet.HUB_TDD.testCase.DeveBuscarPelaLupaTest">
        <test-method status="PASS" signature="setUpReport()[pri:0, instance:br.com.rsinet.HUB_TDD.testCase.DeveBuscarPelaLupaTest@48503868]" name="setUpReport" is-config="true" duration-ms="0" started-at="2020-02-06T18:16:01 BRT" finished-at="2020-02-06T18:16:01 BRT">
          <reporter-output>
          </reporter-output>
        </test-method> <!-- setUpReport -->
        <test-method status="PASS" signature="setUp()[pri:0, instance:br.com.rsinet.HUB_TDD.testCase.DeveBuscarPelaLupaTest@48503868]" name="setUp" is-config="true" duration-ms="6904" started-at="2020-02-06T18:16:49 BRT" finished-at="2020-02-06T18:16:56 BRT">
          <reporter-output>
          </reporter-output>
        </test-method> <!-- setUp -->
        <test-method status="PASS" signature="deveBuscarUmProdutoExistente()[pri:0, instance:br.com.rsinet.HUB_TDD.testCase.DeveBuscarPelaLupaTest@48503868]" name="deveBuscarUmProdutoExistente" duration-ms="3778" started-at="2020-02-06T18:16:56 BRT" finished-at="2020-02-06T18:17:00 BRT">
          <reporter-output>
          </reporter-output>
        </test-method> <!-- deveBuscarUmProdutoExistente -->
        <test-method status="PASS" signature="tearDown(org.testng.ITestResult)[pri:0, instance:br.com.rsinet.HUB_TDD.testCase.DeveBuscarPelaLupaTest@48503868]" name="tearDown" is-config="true" duration-ms="916" started-at="2020-02-06T18:17:00 BRT" finished-at="2020-02-06T18:17:01 BRT">
          <params>
            <param index="0">
              <value>
                <![CDATA[[TestResult name=deveBuscarUmProdutoExistente status=SUCCESS method=DeveBuscarPelaLupaTest.deveBuscarUmProdutoExistente()[pri:0, instance:br.com.rsinet.HUB_TDD.testCase.DeveBuscarPelaLupaTest@48503868] output={null}]]]>
              </value>
            </param>
          </params>
          <reporter-output>
          </reporter-output>
        </test-method> <!-- tearDown -->
        <test-method status="PASS" signature="setUp()[pri:0, instance:br.com.rsinet.HUB_TDD.testCase.DeveBuscarPelaLupaTest@48503868]" name="setUp" is-config="true" duration-ms="7093" started-at="2020-02-06T18:17:01 BRT" finished-at="2020-02-06T18:17:08 BRT">
          <reporter-output>
          </reporter-output>
        </test-method> <!-- setUp -->
        <test-method status="PASS" signature="deveBuscarUmProdutoInexistente()[pri:0, instance:br.com.rsinet.HUB_TDD.testCase.DeveBuscarPelaLupaTest@48503868]" name="deveBuscarUmProdutoInexistente" duration-ms="3397" started-at="2020-02-06T18:17:08 BRT" finished-at="2020-02-06T18:17:11 BRT">
          <reporter-output>
          </reporter-output>
        </test-method> <!-- deveBuscarUmProdutoInexistente -->
        <test-method status="PASS" signature="tearDown(org.testng.ITestResult)[pri:0, instance:br.com.rsinet.HUB_TDD.testCase.DeveBuscarPelaLupaTest@48503868]" name="tearDown" is-config="true" duration-ms="797" started-at="2020-02-06T18:17:11 BRT" finished-at="2020-02-06T18:17:12 BRT">
          <params>
            <param index="0">
              <value>
                <![CDATA[[TestResult name=deveBuscarUmProdutoInexistente status=SUCCESS method=DeveBuscarPelaLupaTest.deveBuscarUmProdutoInexistente()[pri:0, instance:br.com.rsinet.HUB_TDD.testCase.DeveBuscarPelaLupaTest@48503868] output={null}]]]>
              </value>
            </param>
          </params>
          <reporter-output>
          </reporter-output>
        </test-method> <!-- tearDown -->
      </class> <!-- br.com.rsinet.HUB_TDD.testCase.DeveBuscarPelaLupaTest -->
      <class name="br.com.rsinet.HUB_TDD.testCase.DeveCadastrarUmUsuarioTest">
        <test-method status="PASS" signature="setUpReport()[pri:0, instance:br.com.rsinet.HUB_TDD.testCase.DeveCadastrarUmUsuarioTest@6895a785]" name="setUpReport" is-config="true" duration-ms="0" started-at="2020-02-06T18:16:01 BRT" finished-at="2020-02-06T18:16:01 BRT">
          <reporter-output>
          </reporter-output>
        </test-method> <!-- setUpReport -->
        <test-method status="PASS" signature="setUp()[pri:0, instance:br.com.rsinet.HUB_TDD.testCase.DeveCadastrarUmUsuarioTest@6895a785]" name="setUp" is-config="true" duration-ms="7131" started-at="2020-02-06T18:17:12 BRT" finished-at="2020-02-06T18:17:19 BRT">
          <reporter-output>
          </reporter-output>
        </test-method> <!-- setUp -->
        <test-method status="PASS" signature="deveCadastrarUmUsuario()[pri:0, instance:br.com.rsinet.HUB_TDD.testCase.DeveCadastrarUmUsuarioTest@6895a785]" name="deveCadastrarUmUsuario" duration-ms="40097" started-at="2020-02-06T18:17:19 BRT" finished-at="2020-02-06T18:17:59 BRT">
          <reporter-output>
          </reporter-output>
        </test-method> <!-- deveCadastrarUmUsuario -->
        <test-method status="PASS" signature="tearDown(org.testng.ITestResult)[pri:0, instance:br.com.rsinet.HUB_TDD.testCase.DeveCadastrarUmUsuarioTest@6895a785]" name="tearDown" is-config="true" duration-ms="1184" started-at="2020-02-06T18:17:59 BRT" finished-at="2020-02-06T18:18:01 BRT">
          <params>
            <param index="0">
              <value>
                <![CDATA[[TestResult name=deveCadastrarUmUsuario status=SUCCESS method=DeveCadastrarUmUsuarioTest.deveCadastrarUmUsuario()[pri:0, instance:br.com.rsinet.HUB_TDD.testCase.DeveCadastrarUmUsuarioTest@6895a785] output={null}]]]>
              </value>
            </param>
          </params>
          <reporter-output>
          </reporter-output>
        </test-method> <!-- tearDown -->
        <test-method status="PASS" signature="setUp()[pri:0, instance:br.com.rsinet.HUB_TDD.testCase.DeveCadastrarUmUsuarioTest@6895a785]" name="setUp" is-config="true" duration-ms="7057" started-at="2020-02-06T18:18:01 BRT" finished-at="2020-02-06T18:18:08 BRT">
          <reporter-output>
          </reporter-output>
        </test-method> <!-- setUp -->
        <test-method status="PASS" signature="naoDeveCadastrarUsuarioJaCadastrado()[pri:0, instance:br.com.rsinet.HUB_TDD.testCase.DeveCadastrarUmUsuarioTest@6895a785]" name="naoDeveCadastrarUsuarioJaCadastrado" duration-ms="38241" started-at="2020-02-06T18:18:08 BRT" finished-at="2020-02-06T18:18:46 BRT">
          <reporter-output>
          </reporter-output>
        </test-method> <!-- naoDeveCadastrarUsuarioJaCadastrado -->
        <test-method status="PASS" signature="tearDown(org.testng.ITestResult)[pri:0, instance:br.com.rsinet.HUB_TDD.testCase.DeveCadastrarUmUsuarioTest@6895a785]" name="tearDown" is-config="true" duration-ms="836" started-at="2020-02-06T18:18:46 BRT" finished-at="2020-02-06T18:18:47 BRT">
          <params>
            <param index="0">
              <value>
                <![CDATA[[TestResult name=naoDeveCadastrarUsuarioJaCadastrado status=SUCCESS method=DeveCadastrarUmUsuarioTest.naoDeveCadastrarUsuarioJaCadastrado()[pri:0, instance:br.com.rsinet.HUB_TDD.testCase.DeveCadastrarUmUsuarioTest@6895a785] output={null}]]]>
              </value>
            </param>
          </params>
          <reporter-output>
          </reporter-output>
        </test-method> <!-- tearDown -->
      </class> <!-- br.com.rsinet.HUB_TDD.testCase.DeveCadastrarUmUsuarioTest -->
      <class name="br.com.rsinet.HUB_TDD.testCase.DeveAbrirUmProdutoPelaHomeTest">
        <test-method status="PASS" signature="setUpReport()[pri:0, instance:br.com.rsinet.HUB_TDD.testCase.DeveAbrirUmProdutoPelaHomeTest@10bbd20a]" name="setUpReport" is-config="true" duration-ms="72" started-at="2020-02-06T18:16:01 BRT" finished-at="2020-02-06T18:16:01 BRT">
          <reporter-output>
          </reporter-output>
        </test-method> <!-- setUpReport -->
        <test-method status="PASS" signature="setUp()[pri:0, instance:br.com.rsinet.HUB_TDD.testCase.DeveAbrirUmProdutoPelaHomeTest@10bbd20a]" name="setUp" is-config="true" duration-ms="7130" started-at="2020-02-06T18:16:01 BRT" finished-at="2020-02-06T18:16:08 BRT">
          <reporter-output>
          </reporter-output>
        </test-method> <!-- setUp -->
        <test-method status="PASS" signature="deveAbrirUmProdutoPelaCategoria()[pri:0, instance:br.com.rsinet.HUB_TDD.testCase.DeveAbrirUmProdutoPelaHomeTest@10bbd20a]" name="deveAbrirUmProdutoPelaCategoria" duration-ms="7372" started-at="2020-02-06T18:16:08 BRT" finished-at="2020-02-06T18:16:15 BRT">
          <reporter-output>
          </reporter-output>
        </test-method> <!-- deveAbrirUmProdutoPelaCategoria -->
        <test-method status="PASS" signature="tearDown(org.testng.ITestResult)[pri:0, instance:br.com.rsinet.HUB_TDD.testCase.DeveAbrirUmProdutoPelaHomeTest@10bbd20a]" name="tearDown" is-config="true" duration-ms="928" started-at="2020-02-06T18:16:15 BRT" finished-at="2020-02-06T18:16:16 BRT">
          <params>
            <param index="0">
              <value>
                <![CDATA[[TestResult name=deveAbrirUmProdutoPelaCategoria status=SUCCESS method=DeveAbrirUmProdutoPelaHomeTest.deveAbrirUmProdutoPelaCategoria()[pri:0, instance:br.com.rsinet.HUB_TDD.testCase.DeveAbrirUmProdutoPelaHomeTest@10bbd20a] output={null}]]]>
              </value>
            </param>
          </params>
          <reporter-output>
          </reporter-output>
        </test-method> <!-- tearDown -->
        <test-method status="PASS" signature="setUp()[pri:0, instance:br.com.rsinet.HUB_TDD.testCase.DeveAbrirUmProdutoPelaHomeTest@10bbd20a]" name="setUp" is-config="true" duration-ms="7107" started-at="2020-02-06T18:16:16 BRT" finished-at="2020-02-06T18:16:23 BRT">
          <reporter-output>
          </reporter-output>
        </test-method> <!-- setUp -->
        <test-method status="PASS" signature="naoDeveAceitarMaisDeDezItensNoCarrinho()[pri:0, instance:br.com.rsinet.HUB_TDD.testCase.DeveAbrirUmProdutoPelaHomeTest@10bbd20a]" name="naoDeveAceitarMaisDeDezItensNoCarrinho" duration-ms="24994" started-at="2020-02-06T18:16:23 BRT" finished-at="2020-02-06T18:16:48 BRT">
          <reporter-output>
          </reporter-output>
        </test-method> <!-- naoDeveAceitarMaisDeDezItensNoCarrinho -->
        <test-method status="PASS" signature="tearDown(org.testng.ITestResult)[pri:0, instance:br.com.rsinet.HUB_TDD.testCase.DeveAbrirUmProdutoPelaHomeTest@10bbd20a]" name="tearDown" is-config="true" duration-ms="877" started-at="2020-02-06T18:16:48 BRT" finished-at="2020-02-06T18:16:49 BRT">
          <params>
            <param index="0">
              <value>
                <![CDATA[[TestResult name=naoDeveAceitarMaisDeDezItensNoCarrinho status=SUCCESS method=DeveAbrirUmProdutoPelaHomeTest.naoDeveAceitarMaisDeDezItensNoCarrinho()[pri:0, instance:br.com.rsinet.HUB_TDD.testCase.DeveAbrirUmProdutoPelaHomeTest@10bbd20a] output={null}]]]>
              </value>
            </param>
          </params>
          <reporter-output>
          </reporter-output>
        </test-method> <!-- tearDown -->
      </class> <!-- br.com.rsinet.HUB_TDD.testCase.DeveAbrirUmProdutoPelaHomeTest -->
    </test> <!-- testngTest -->
  </suite> <!-- caseTest -->
</testng-results>
